[28-May-2023 19:55:42 UTC] PHP Warning:  Attempt to read property "title" on null in C:\Users\Pichau\Local Sites\site-meio-ambiente\app\public\wp-includes\class-wp-customize-widgets.php on line 905
[28-May-2023 19:58:52 UTC] PHP Warning:  Attempt to read property "title" on null in C:\Users\Pichau\Local Sites\site-meio-ambiente\app\public\wp-includes\class-wp-customize-widgets.php on line 905
[28-May-2023 20:05:54 UTC] PHP Warning:  Attempt to read property "title" on null in C:\Users\Pichau\Local Sites\site-meio-ambiente\app\public\wp-includes\class-wp-customize-widgets.php on line 905
[28-May-2023 20:10:45 UTC] PHP Warning:  Attempt to read property "title" on null in C:\Users\Pichau\Local Sites\site-meio-ambiente\app\public\wp-includes\class-wp-customize-widgets.php on line 905
[28-May-2023 20:26:57 UTC] PHP Warning:  Attempt to read property "title" on null in C:\Users\Pichau\Local Sites\site-meio-ambiente\app\public\wp-includes\class-wp-customize-widgets.php on line 905
[28-May-2023 20:31:37 UTC] PHP Warning:  Attempt to read property "title" on null in C:\Users\Pichau\Local Sites\site-meio-ambiente\app\public\wp-includes\class-wp-customize-widgets.php on line 905
[29-May-2023 01:40:10 UTC] PHP Warning:  Attempt to read property "title" on null in C:\Users\Pichau\Local Sites\site-meio-ambiente\app\public\wp-includes\class-wp-customize-widgets.php on line 905
[29-May-2023 02:01:16 UTC] PHP Warning:  Attempt to read property "title" on null in C:\Users\Pichau\Local Sites\site-meio-ambiente\app\public\wp-includes\class-wp-customize-widgets.php on line 905
[01-Jun-2023 19:07:03 UTC] PHP Warning:  Undefined variable $acf_fields in C:\Users\Pichau\Local Sites\site-meio-ambiente\app\public\wp-content\themes\meioambiente\conhecimentos.php on line 9
[01-Jun-2023 19:07:03 UTC] PHP Fatal error:  Uncaught TypeError: count(): Argument #1 ($value) must be of type Countable|array, null given in C:\Users\Pichau\Local Sites\site-meio-ambiente\app\public\wp-content\themes\meioambiente\conhecimentos.php:9
Stack trace:
#0 C:\Users\Pichau\Local Sites\site-meio-ambiente\app\public\wp-includes\template-loader.php(106): include()
#1 C:\Users\Pichau\Local Sites\site-meio-ambiente\app\public\wp-blog-header.php(19): require_once('C:\\Users\\Pichau...')
#2 C:\Users\Pichau\Local Sites\site-meio-ambiente\app\public\index.php(17): require('C:\\Users\\Pichau...')
#3 {main}
  thrown in C:\Users\Pichau\Local Sites\site-meio-ambiente\app\public\wp-content\themes\meioambiente\conhecimentos.php on line 9
[01-Jun-2023 19:07:30 UTC] PHP Warning:  Undefined variable $acf_fields in C:\Users\Pichau\Local Sites\site-meio-ambiente\app\public\wp-content\themes\meioambiente\conhecimentos.php on line 9
[01-Jun-2023 19:07:30 UTC] PHP Fatal error:  Uncaught TypeError: count(): Argument #1 ($value) must be of type Countable|array, null given in C:\Users\Pichau\Local Sites\site-meio-ambiente\app\public\wp-content\themes\meioambiente\conhecimentos.php:9
Stack trace:
#0 C:\Users\Pichau\Local Sites\site-meio-ambiente\app\public\wp-includes\template-loader.php(106): include()
#1 C:\Users\Pichau\Local Sites\site-meio-ambiente\app\public\wp-blog-header.php(19): require_once('C:\\Users\\Pichau...')
#2 C:\Users\Pichau\Local Sites\site-meio-ambiente\app\public\index.php(17): require('C:\\Users\\Pichau...')
#3 {main}
  thrown in C:\Users\Pichau\Local Sites\site-meio-ambiente\app\public\wp-content\themes\meioambiente\conhecimentos.php on line 9
[01-Jun-2023 19:07:32 UTC] PHP Warning:  Undefined variable $acf_fields in C:\Users\Pichau\Local Sites\site-meio-ambiente\app\public\wp-content\themes\meioambiente\conhecimentos.php on line 9
[01-Jun-2023 19:07:32 UTC] PHP Fatal error:  Uncaught TypeError: count(): Argument #1 ($value) must be of type Countable|array, null given in C:\Users\Pichau\Local Sites\site-meio-ambiente\app\public\wp-content\themes\meioambiente\conhecimentos.php:9
Stack trace:
#0 C:\Users\Pichau\Local Sites\site-meio-ambiente\app\public\wp-includes\template-loader.php(106): include()
#1 C:\Users\Pichau\Local Sites\site-meio-ambiente\app\public\wp-blog-header.php(19): require_once('C:\\Users\\Pichau...')
#2 C:\Users\Pichau\Local Sites\site-meio-ambiente\app\public\index.php(17): require('C:\\Users\\Pichau...')
#3 {main}
  thrown in C:\Users\Pichau\Local Sites\site-meio-ambiente\app\public\wp-content\themes\meioambiente\conhecimentos.php on line 9
[01-Jun-2023 19:08:12 UTC] PHP Warning:  Undefined variable $counter in C:\Users\Pichau\Local Sites\site-meio-ambiente\app\public\wp-content\themes\meioambiente\conhecimentos.php on line 11
[01-Jun-2023 19:08:12 UTC] PHP Warning:  Undefined variable $counter in C:\Users\Pichau\Local Sites\site-meio-ambiente\app\public\wp-content\themes\meioambiente\conhecimentos.php on line 12
[01-Jun-2023 19:08:12 UTC] PHP Warning:  Undefined variable $counter in C:\Users\Pichau\Local Sites\site-meio-ambiente\app\public\wp-content\themes\meioambiente\conhecimentos.php on line 13
[01-Jun-2023 19:08:12 UTC] PHP Warning:  Undefined variable $counter in C:\Users\Pichau\Local Sites\site-meio-ambiente\app\public\wp-content\themes\meioambiente\conhecimentos.php on line 18
[01-Jun-2023 19:08:12 UTC] PHP Warning:  Array to string conversion in C:\Users\Pichau\Local Sites\site-meio-ambiente\app\public\wp-content\themes\meioambiente\conhecimentos.php on line 23
[01-Jun-2023 19:08:12 UTC] PHP Warning:  Undefined variable $counter in C:\Users\Pichau\Local Sites\site-meio-ambiente\app\public\wp-content\themes\meioambiente\conhecimentos.php on line 28
[01-Jun-2023 19:08:26 UTC] PHP Warning:  Undefined variable $counter in C:\Users\Pichau\Local Sites\site-meio-ambiente\app\public\wp-content\themes\meioambiente\conhecimentos.php on line 11
[01-Jun-2023 19:08:26 UTC] PHP Warning:  Undefined variable $counter in C:\Users\Pichau\Local Sites\site-meio-ambiente\app\public\wp-content\themes\meioambiente\conhecimentos.php on line 12
[01-Jun-2023 19:08:26 UTC] PHP Warning:  Undefined variable $counter in C:\Users\Pichau\Local Sites\site-meio-ambiente\app\public\wp-content\themes\meioambiente\conhecimentos.php on line 13
[01-Jun-2023 19:08:26 UTC] PHP Warning:  Undefined variable $counter in C:\Users\Pichau\Local Sites\site-meio-ambiente\app\public\wp-content\themes\meioambiente\conhecimentos.php on line 18
[01-Jun-2023 19:08:26 UTC] PHP Warning:  Array to string conversion in C:\Users\Pichau\Local Sites\site-meio-ambiente\app\public\wp-content\themes\meioambiente\conhecimentos.php on line 23
[01-Jun-2023 19:08:26 UTC] PHP Warning:  Undefined variable $counter in C:\Users\Pichau\Local Sites\site-meio-ambiente\app\public\wp-content\themes\meioambiente\conhecimentos.php on line 28
[01-Jun-2023 19:08:43 UTC] PHP Warning:  Undefined variable $counter in C:\Users\Pichau\Local Sites\site-meio-ambiente\app\public\wp-content\themes\meioambiente\conhecimentos.php on line 11
[01-Jun-2023 19:08:43 UTC] PHP Warning:  Undefined variable $counter in C:\Users\Pichau\Local Sites\site-meio-ambiente\app\public\wp-content\themes\meioambiente\conhecimentos.php on line 12
[01-Jun-2023 19:08:43 UTC] PHP Warning:  Undefined variable $counter in C:\Users\Pichau\Local Sites\site-meio-ambiente\app\public\wp-content\themes\meioambiente\conhecimentos.php on line 13
[01-Jun-2023 19:08:43 UTC] PHP Warning:  Undefined variable $counter in C:\Users\Pichau\Local Sites\site-meio-ambiente\app\public\wp-content\themes\meioambiente\conhecimentos.php on line 18
[01-Jun-2023 19:08:43 UTC] PHP Warning:  Array to string conversion in C:\Users\Pichau\Local Sites\site-meio-ambiente\app\public\wp-content\themes\meioambiente\conhecimentos.php on line 23
[01-Jun-2023 19:08:43 UTC] PHP Warning:  Undefined variable $counter in C:\Users\Pichau\Local Sites\site-meio-ambiente\app\public\wp-content\themes\meioambiente\conhecimentos.php on line 28
[01-Jun-2023 19:09:01 UTC] PHP Warning:  Undefined variable $counter in C:\Users\Pichau\Local Sites\site-meio-ambiente\app\public\wp-content\themes\meioambiente\conhecimentos.php on line 11
[01-Jun-2023 19:09:01 UTC] PHP Warning:  Undefined variable $counter in C:\Users\Pichau\Local Sites\site-meio-ambiente\app\public\wp-content\themes\meioambiente\conhecimentos.php on line 12
[01-Jun-2023 19:09:01 UTC] PHP Warning:  Undefined variable $counter in C:\Users\Pichau\Local Sites\site-meio-ambiente\app\public\wp-content\themes\meioambiente\conhecimentos.php on line 13
[01-Jun-2023 19:09:01 UTC] PHP Warning:  Undefined variable $counter in C:\Users\Pichau\Local Sites\site-meio-ambiente\app\public\wp-content\themes\meioambiente\conhecimentos.php on line 18
[01-Jun-2023 19:09:01 UTC] PHP Warning:  Undefined variable $counter in C:\Users\Pichau\Local Sites\site-meio-ambiente\app\public\wp-content\themes\meioambiente\conhecimentos.php on line 28
[01-Jun-2023 19:19:32 UTC] PHP Warning:  Undefined variable $contador in C:\Users\Pichau\Local Sites\site-meio-ambiente\app\public\wp-content\themes\meioambiente\conhecimentos.php on line 11
[01-Jun-2023 19:19:32 UTC] PHP Warning:  Undefined variable $contador in C:\Users\Pichau\Local Sites\site-meio-ambiente\app\public\wp-content\themes\meioambiente\conhecimentos.php on line 12
[01-Jun-2023 19:19:32 UTC] PHP Warning:  Undefined variable $contador in C:\Users\Pichau\Local Sites\site-meio-ambiente\app\public\wp-content\themes\meioambiente\conhecimentos.php on line 13
[01-Jun-2023 19:19:32 UTC] PHP Warning:  Undefined variable $contador in C:\Users\Pichau\Local Sites\site-meio-ambiente\app\public\wp-content\themes\meioambiente\conhecimentos.php on line 18
[01-Jun-2023 19:19:32 UTC] PHP Warning:  Undefined variable $contador in C:\Users\Pichau\Local Sites\site-meio-ambiente\app\public\wp-content\themes\meioambiente\conhecimentos.php on line 28
[01-Jun-2023 19:20:00 UTC] PHP Warning:  Undefined variable $contador in C:\Users\Pichau\Local Sites\site-meio-ambiente\app\public\wp-content\themes\meioambiente\conhecimentos.php on line 18
[01-Jun-2023 19:20:00 UTC] PHP Warning:  Undefined variable $contador in C:\Users\Pichau\Local Sites\site-meio-ambiente\app\public\wp-content\themes\meioambiente\conhecimentos.php on line 28
[01-Jun-2023 19:20:13 UTC] PHP Warning:  Undefined variable $contador in C:\Users\Pichau\Local Sites\site-meio-ambiente\app\public\wp-content\themes\meioambiente\conhecimentos.php on line 18
[01-Jun-2023 19:20:13 UTC] PHP Warning:  Undefined variable $contador in C:\Users\Pichau\Local Sites\site-meio-ambiente\app\public\wp-content\themes\meioambiente\conhecimentos.php on line 28
[01-Jun-2023 19:20:14 UTC] PHP Warning:  Undefined variable $contador in C:\Users\Pichau\Local Sites\site-meio-ambiente\app\public\wp-content\themes\meioambiente\conhecimentos.php on line 18
[01-Jun-2023 19:20:14 UTC] PHP Warning:  Undefined variable $contador in C:\Users\Pichau\Local Sites\site-meio-ambiente\app\public\wp-content\themes\meioambiente\conhecimentos.php on line 28
[01-Jun-2023 19:20:28 UTC] PHP Warning:  Undefined variable $contador in C:\Users\Pichau\Local Sites\site-meio-ambiente\app\public\wp-content\themes\meioambiente\conhecimentos.php on line 18
[01-Jun-2023 19:20:28 UTC] PHP Warning:  Undefined variable $contador in C:\Users\Pichau\Local Sites\site-meio-ambiente\app\public\wp-content\themes\meioambiente\conhecimentos.php on line 18
[01-Jun-2023 19:21:01 UTC] PHP Warning:  Undefined variable $contador in C:\Users\Pichau\Local Sites\site-meio-ambiente\app\public\wp-content\themes\meioambiente\conhecimentos.php on line 18
[01-Jun-2023 19:23:35 UTC] PHP Warning:  Undefined variable $counter in C:\Users\Pichau\Local Sites\site-meio-ambiente\app\public\wp-content\themes\meioambiente\conhecimentos.php on line 11
[01-Jun-2023 19:23:35 UTC] PHP Warning:  Undefined variable $counter in C:\Users\Pichau\Local Sites\site-meio-ambiente\app\public\wp-content\themes\meioambiente\conhecimentos.php on line 12
[01-Jun-2023 19:23:35 UTC] PHP Warning:  Undefined variable $counter in C:\Users\Pichau\Local Sites\site-meio-ambiente\app\public\wp-content\themes\meioambiente\conhecimentos.php on line 13
[01-Jun-2023 19:23:35 UTC] PHP Warning:  Undefined variable $counter in C:\Users\Pichau\Local Sites\site-meio-ambiente\app\public\wp-content\themes\meioambiente\conhecimentos.php on line 18
[01-Jun-2023 19:23:35 UTC] PHP Warning:  Undefined variable $counter in C:\Users\Pichau\Local Sites\site-meio-ambiente\app\public\wp-content\themes\meioambiente\conhecimentos.php on line 28
[01-Jun-2023 19:24:34 UTC] PHP Warning:  Undefined variable $counter in C:\Users\Pichau\Local Sites\site-meio-ambiente\app\public\wp-content\themes\meioambiente\conhecimentos.php on line 11
[01-Jun-2023 19:24:34 UTC] PHP Warning:  Undefined variable $counter in C:\Users\Pichau\Local Sites\site-meio-ambiente\app\public\wp-content\themes\meioambiente\conhecimentos.php on line 12
[01-Jun-2023 19:24:34 UTC] PHP Warning:  Undefined variable $counter in C:\Users\Pichau\Local Sites\site-meio-ambiente\app\public\wp-content\themes\meioambiente\conhecimentos.php on line 13
[01-Jun-2023 19:24:34 UTC] PHP Warning:  Undefined variable $counter in C:\Users\Pichau\Local Sites\site-meio-ambiente\app\public\wp-content\themes\meioambiente\conhecimentos.php on line 18
[01-Jun-2023 19:24:34 UTC] PHP Warning:  Undefined variable $counter in C:\Users\Pichau\Local Sites\site-meio-ambiente\app\public\wp-content\themes\meioambiente\conhecimentos.php on line 28
[01-Jun-2023 19:46:22 UTC] PHP Warning:  Array to string conversion in C:\Users\Pichau\Local Sites\site-meio-ambiente\app\public\wp-content\themes\meioambiente\conhecimentos.php on line 23
[02-Jun-2023 01:32:01 UTC] PHP Warning:  Attempt to read property "title" on null in C:\Users\Pichau\Local Sites\site-meio-ambiente\app\public\wp-includes\class-wp-customize-widgets.php on line 905
[14-Jun-2023 16:52:27 UTC] Erro de evento de reagendamento do cron para o gancho: action_scheduler_run_queue, código de erro: could_not_set, mensagem de erro: Não foi possível salvar a lista de evento do cron, dados: {"schedule":"every_minute","args":["WP Cron"],"interval":60}
[23-Jun-2023 20:53:50 UTC] PHP Warning:  Attempt to read property "title" on null in C:\Users\Pichau\Local Sites\site-ma-teste\app\public\wp-includes\class-wp-customize-widgets.php on line 905
[23-Jun-2023 20:55:30 UTC] PHP Warning:  Attempt to read property "title" on null in C:\Users\Pichau\Local Sites\site-ma-teste\app\public\wp-includes\class-wp-customize-widgets.php on line 905
